<?xml version="1.0" encoding="UTF-8"?>
<!-- Generated by org.testng.reporters.JUnitReportReporter -->
<testsuite skipped="0" hostname="DDC2-L-7452Z3T" name="utilities.Driver" tests="3" failures="0" timestamp="04 Feb 2019 04:24:08 GMT" time="25.793" errors="0">
  <testcase name="openGmail" time="7.415" classname="utilities.Driver"/>
  <testcase name="openGmail" time="7.330" classname="utilities.Driver"/>
  <testcase name="openGmail" time="11.048" classname="utilities.Driver"/>
</testsuite> <!-- utilities.Driver -->
