<?xml version="1.0" encoding="UTF-8"?>
<!-- Generated by org.testng.reporters.JUnitReportReporter -->
<testsuite skipped="0" hostname="DDC2-L-7452Z3T" name="utilities.Test123" tests="2" failures="0" timestamp="01 Feb 2019 07:13:17 GMT" time="0.018" errors="0">
  <testcase name="test2" time="0.015" classname="utilities.Test123"/>
  <testcase name="test3" time="0.003" classname="utilities.Test123"/>
</testsuite> <!-- utilities.Test123 -->
