<?xml version="1.0" encoding="UTF-8"?>
<!-- Generated by org.testng.reporters.JUnitReportReporter -->
<testsuite hostname="DDC2-L-7452Z3T" name="utilities.Test123" tests="2" failures="0" timestamp="3 Feb 2019 18:13:12 GMT" time="0.026" errors="0">
  <testcase name="test2" time="0.025" classname="utilities.Test123"/>
  <testcase name="test3" time="0.001" classname="utilities.Test123"/>
</testsuite> <!-- utilities.Test123 -->
